<html>
<head>
<title>TestNG:  Test - Cloud platform - on firefox</title>
<link href="../testng.css" rel="stylesheet" type="text/css" />
<link href="../my-testng.css" rel="stylesheet" type="text/css" />

<style type="text/css">
.log { display: none;} 
.stack-trace { display: none;} 
</style>
<script type="text/javascript">
<!--
function flip(e) {
  current = e.style.display;
  if (current == 'block') {
    e.style.display = 'none';
    return 0;
  }
  else {
    e.style.display = 'block';
    return 1;
  }
}

function toggleBox(szDivId, elem, msg1, msg2)
{
  var res = -1;  if (document.getElementById) {
    res = flip(document.getElementById(szDivId));
  }
  else if (document.all) {
    // this is the way old msie versions work
    res = flip(document.all[szDivId]);
  }
  if(elem) {
    if(res == 0) elem.innerHTML = msg1; else elem.innerHTML = msg2;
  }

}

function toggleAllBoxes() {
  if (document.getElementsByTagName) {
    d = document.getElementsByTagName('div');
    for (i = 0; i < d.length; i++) {
      if (d[i].className == 'log') {
        flip(d[i]);
      }
    }
  }
}

// -->
</script>

</head>
<body>
<h2 align='center'>Test - Cloud platform - on firefox</h2><table border='1' align="center">
<tr>
<td>Tests passed/Failed/Skipped:</td><td>0/0/8</td>
</tr><tr>
<td>Started on:</td><td>Sat Apr 04 20:13:04 IST 2020</td>
</tr>
<tr><td>Total time:</td><td>0 seconds (45 ms)</td>
</tr><tr>
<td>Included groups:</td><td></td>
</tr><tr>
<td>Excluded groups:</td><td></td>
</tr>
</table><p/>
<small><i>(Hover the method name to see the test class name)</i></small><p/>
<table width='100%' border='1' class='invocation-failed'>
<tr><td colspan='4' align='center'><b>FAILED CONFIGURATIONS</b></td></tr>
<tr><td><b>Test method</b></td>
<td width="30%"><b>Exception</b></td>
<td width="10%"><b>Time (seconds)</b></td>
<td><b>Instance</b></td>
</tr>
<tr>
<td title='com.empirix.cloudplatform.testcases.TC_Login.initDriver()'><b>initDriver</b><br>Test class: com.empirix.cloudplatform.testcases.TC_Login</td>
<td><div><pre>org.testng.TestNGException: 
Parameter &apos;Browser&apos; is required by BeforeSuite on method initDriver but has not been marked @Optional or defined
in /Users/apple/eclipse-workspace/cloudplatform/testng.xml
... Removed 20 stack frames</pre></div><a href='#' onClick='toggleBox("stack-trace1759899303", this, "Click to show all stack frames", "Click to hide stack frames")'>Click to show all stack frames</a>
<div class='stack-trace' id='stack-trace1759899303'><pre>org.testng.TestNGException: 
Parameter &apos;Browser&apos; is required by BeforeSuite on method initDriver but has not been marked @Optional or defined
in /Users/apple/eclipse-workspace/cloudplatform/testng.xml
	at org.testng.internal.Parameters.createParams(Parameters.java:272)
	at org.testng.internal.Parameters.createParametersForMethod(Parameters.java:360)
	at org.testng.internal.Parameters.createParameters(Parameters.java:704)
	at org.testng.internal.Parameters.createConfigurationParameters(Parameters.java:166)
	at org.testng.internal.ConfigInvoker.invokeConfigurations(ConfigInvoker.java:283)
	at org.testng.SuiteRunner.privateRun(SuiteRunner.java:327)
	at org.testng.SuiteRunner.run(SuiteRunner.java:286)
	at org.testng.SuiteRunnerWorker.runSuite(SuiteRunnerWorker.java:53)
	at org.testng.SuiteRunnerWorker.run(SuiteRunnerWorker.java:96)
	at org.testng.TestNG.runSuitesSequentially(TestNG.java:1187)
	at org.testng.TestNG.runSuitesLocally(TestNG.java:1109)
	at org.testng.TestNG.runSuites(TestNG.java:1039)
	at org.testng.TestNG.run(TestNG.java:1007)
	at org.apache.maven.surefire.testng.TestNGExecutor.run(TestNGExecutor.java:283)
	at org.apache.maven.surefire.testng.TestNGXmlTestSuite.execute(TestNGXmlTestSuite.java:75)
	at org.apache.maven.surefire.testng.TestNGProvider.invoke(TestNGProvider.java:120)
	at org.apache.maven.surefire.booter.ForkedBooter.runSuitesInProcess(ForkedBooter.java:377)
	at org.apache.maven.surefire.booter.ForkedBooter.execute(ForkedBooter.java:138)
	at org.apache.maven.surefire.booter.ForkedBooter.run(ForkedBooter.java:465)
	at org.apache.maven.surefire.booter.ForkedBooter.main(ForkedBooter.java:451)
</pre></div></td>
<td>-1586011384</td>
<td>com.empirix.cloudplatform.testcases.TC_Login@69453e37</td></tr>
</table><p>
<table width='100%' border='1' class='invocation-skipped'>
<tr><td colspan='4' align='center'><b>SKIPPED CONFIGURATIONS</b></td></tr>
<tr><td><b>Test method</b></td>
<td width="30%"><b>Exception</b></td>
<td width="10%"><b>Time (seconds)</b></td>
<td><b>Instance</b></td>
</tr>
<tr>
<td title='com.empirix.cloudplatform.testcases.TC_Login.testCaseDetails()'><b>testCaseDetails</b><br>Test class: com.empirix.cloudplatform.testcases.TC_Login</td>
<td></td>
<td>-1586011384</td>
<td>com.empirix.cloudplatform.testcases.TC_Login@69453e37</td></tr>
<tr>
<td title='com.empirix.cloudplatform.testcases.TC_SwitchLanguage.testCaseDetails()'><b>testCaseDetails</b><br>Test class: com.empirix.cloudplatform.testcases.TC_SwitchLanguage</td>
<td></td>
<td>-1586011384</td>
<td>com.empirix.cloudplatform.testcases.TC_SwitchLanguage@6f4a47c7</td></tr>
<tr>
<td title='com.empirix.cloudplatform.testcases.TC_Login.endSuite()'><b>endSuite</b><br>Test class: com.empirix.cloudplatform.testcases.TC_Login</td>
<td></td>
<td>-1586011384</td>
<td>com.empirix.cloudplatform.testcases.TC_Login@69453e37</td></tr>
</table><p>
<table width='100%' border='1' class='invocation-skipped'>
<tr><td colspan='4' align='center'><b>SKIPPED TESTS</b></td></tr>
<tr><td><b>Test method</b></td>
<td width="30%"><b>Exception</b></td>
<td width="10%"><b>Time (seconds)</b></td>
<td><b>Instance</b></td>
</tr>
<tr>
<td title='com.empirix.cloudplatform.testcases.TC_Login.loginToPortal()'><b>loginToPortal</b><br>Test class: com.empirix.cloudplatform.testcases.TC_Login</td>
<td><div><pre>org.testng.TestNGException: 
Parameter &apos;Browser&apos; is required by BeforeSuite on method initDriver but has not been marked @Optional or defined
in /Users/apple/eclipse-workspace/cloudplatform/testng.xml
... Removed 20 stack frames</pre></div><a href='#' onClick='toggleBox("stack-trace738255327", this, "Click to show all stack frames", "Click to hide stack frames")'>Click to show all stack frames</a>
<div class='stack-trace' id='stack-trace738255327'><pre>org.testng.TestNGException: 
Parameter &apos;Browser&apos; is required by BeforeSuite on method initDriver but has not been marked @Optional or defined
in /Users/apple/eclipse-workspace/cloudplatform/testng.xml
	at org.testng.internal.Parameters.createParams(Parameters.java:272)
	at org.testng.internal.Parameters.createParametersForMethod(Parameters.java:360)
	at org.testng.internal.Parameters.createParameters(Parameters.java:704)
	at org.testng.internal.Parameters.createConfigurationParameters(Parameters.java:166)
	at org.testng.internal.ConfigInvoker.invokeConfigurations(ConfigInvoker.java:283)
	at org.testng.SuiteRunner.privateRun(SuiteRunner.java:327)
	at org.testng.SuiteRunner.run(SuiteRunner.java:286)
	at org.testng.SuiteRunnerWorker.runSuite(SuiteRunnerWorker.java:53)
	at org.testng.SuiteRunnerWorker.run(SuiteRunnerWorker.java:96)
	at org.testng.TestNG.runSuitesSequentially(TestNG.java:1187)
	at org.testng.TestNG.runSuitesLocally(TestNG.java:1109)
	at org.testng.TestNG.runSuites(TestNG.java:1039)
	at org.testng.TestNG.run(TestNG.java:1007)
	at org.apache.maven.surefire.testng.TestNGExecutor.run(TestNGExecutor.java:283)
	at org.apache.maven.surefire.testng.TestNGXmlTestSuite.execute(TestNGXmlTestSuite.java:75)
	at org.apache.maven.surefire.testng.TestNGProvider.invoke(TestNGProvider.java:120)
	at org.apache.maven.surefire.booter.ForkedBooter.runSuitesInProcess(ForkedBooter.java:377)
	at org.apache.maven.surefire.booter.ForkedBooter.execute(ForkedBooter.java:138)
	at org.apache.maven.surefire.booter.ForkedBooter.run(ForkedBooter.java:465)
	at org.apache.maven.surefire.booter.ForkedBooter.main(ForkedBooter.java:451)
</pre></div></td>
<td>0</td>
<td>com.empirix.cloudplatform.testcases.TC_Login@69453e37</td></tr>
<tr>
<td title='com.empirix.cloudplatform.testcases.TC_Login.loginToPortal()'><b>loginToPortal</b><br>Test class: com.empirix.cloudplatform.testcases.TC_Login</td>
<td></td>
<td>0</td>
<td>com.empirix.cloudplatform.testcases.TC_Login@24269709</td></tr>
<tr>
<td title='com.empirix.cloudplatform.testcases.TC_SwitchLanguage.switchToJapanease()'><b>switchToJapanease</b><br>Test class: com.empirix.cloudplatform.testcases.TC_SwitchLanguage</td>
<td><div><pre>org.testng.TestNGException: 
Parameter &apos;Browser&apos; is required by BeforeSuite on method initDriver but has not been marked @Optional or defined
in /Users/apple/eclipse-workspace/cloudplatform/testng.xml
... Removed 20 stack frames</pre></div><a href='#' onClick='toggleBox("stack-trace597515842", this, "Click to show all stack frames", "Click to hide stack frames")'>Click to show all stack frames</a>
<div class='stack-trace' id='stack-trace597515842'><pre>org.testng.TestNGException: 
Parameter &apos;Browser&apos; is required by BeforeSuite on method initDriver but has not been marked @Optional or defined
in /Users/apple/eclipse-workspace/cloudplatform/testng.xml
	at org.testng.internal.Parameters.createParams(Parameters.java:272)
	at org.testng.internal.Parameters.createParametersForMethod(Parameters.java:360)
	at org.testng.internal.Parameters.createParameters(Parameters.java:704)
	at org.testng.internal.Parameters.createConfigurationParameters(Parameters.java:166)
	at org.testng.internal.ConfigInvoker.invokeConfigurations(ConfigInvoker.java:283)
	at org.testng.SuiteRunner.privateRun(SuiteRunner.java:327)
	at org.testng.SuiteRunner.run(SuiteRunner.java:286)
	at org.testng.SuiteRunnerWorker.runSuite(SuiteRunnerWorker.java:53)
	at org.testng.SuiteRunnerWorker.run(SuiteRunnerWorker.java:96)
	at org.testng.TestNG.runSuitesSequentially(TestNG.java:1187)
	at org.testng.TestNG.runSuitesLocally(TestNG.java:1109)
	at org.testng.TestNG.runSuites(TestNG.java:1039)
	at org.testng.TestNG.run(TestNG.java:1007)
	at org.apache.maven.surefire.testng.TestNGExecutor.run(TestNGExecutor.java:283)
	at org.apache.maven.surefire.testng.TestNGXmlTestSuite.execute(TestNGXmlTestSuite.java:75)
	at org.apache.maven.surefire.testng.TestNGProvider.invoke(TestNGProvider.java:120)
	at org.apache.maven.surefire.booter.ForkedBooter.runSuitesInProcess(ForkedBooter.java:377)
	at org.apache.maven.surefire.booter.ForkedBooter.execute(ForkedBooter.java:138)
	at org.apache.maven.surefire.booter.ForkedBooter.run(ForkedBooter.java:465)
	at org.apache.maven.surefire.booter.ForkedBooter.main(ForkedBooter.java:451)
</pre></div></td>
<td>0</td>
<td>com.empirix.cloudplatform.testcases.TC_SwitchLanguage@6f4a47c7</td></tr>
<tr>
<td title='com.empirix.cloudplatform.testcases.TC_SwitchLanguage.switchToJapanease()'><b>switchToJapanease</b><br>Test class: com.empirix.cloudplatform.testcases.TC_SwitchLanguage</td>
<td></td>
<td>0</td>
<td>com.empirix.cloudplatform.testcases.TC_SwitchLanguage@2aceadd4</td></tr>
<tr>
<td title='com.empirix.cloudplatform.testcases.TC_SwitchLanguage.verifyAlerts()'><b>verifyAlerts</b><br>Test class: com.empirix.cloudplatform.testcases.TC_SwitchLanguage</td>
<td><div><pre>org.testng.TestNGException: 
Parameter &apos;Browser&apos; is required by BeforeSuite on method initDriver but has not been marked @Optional or defined
in /Users/apple/eclipse-workspace/cloudplatform/testng.xml
... Removed 20 stack frames</pre></div><a href='#' onClick='toggleBox("stack-trace392239467", this, "Click to show all stack frames", "Click to hide stack frames")'>Click to show all stack frames</a>
<div class='stack-trace' id='stack-trace392239467'><pre>org.testng.TestNGException: 
Parameter &apos;Browser&apos; is required by BeforeSuite on method initDriver but has not been marked @Optional or defined
in /Users/apple/eclipse-workspace/cloudplatform/testng.xml
	at org.testng.internal.Parameters.createParams(Parameters.java:272)
	at org.testng.internal.Parameters.createParametersForMethod(Parameters.java:360)
	at org.testng.internal.Parameters.createParameters(Parameters.java:704)
	at org.testng.internal.Parameters.createConfigurationParameters(Parameters.java:166)
	at org.testng.internal.ConfigInvoker.invokeConfigurations(ConfigInvoker.java:283)
	at org.testng.SuiteRunner.privateRun(SuiteRunner.java:327)
	at org.testng.SuiteRunner.run(SuiteRunner.java:286)
	at org.testng.SuiteRunnerWorker.runSuite(SuiteRunnerWorker.java:53)
	at org.testng.SuiteRunnerWorker.run(SuiteRunnerWorker.java:96)
	at org.testng.TestNG.runSuitesSequentially(TestNG.java:1187)
	at org.testng.TestNG.runSuitesLocally(TestNG.java:1109)
	at org.testng.TestNG.runSuites(TestNG.java:1039)
	at org.testng.TestNG.run(TestNG.java:1007)
	at org.apache.maven.surefire.testng.TestNGExecutor.run(TestNGExecutor.java:283)
	at org.apache.maven.surefire.testng.TestNGXmlTestSuite.execute(TestNGXmlTestSuite.java:75)
	at org.apache.maven.surefire.testng.TestNGProvider.invoke(TestNGProvider.java:120)
	at org.apache.maven.surefire.booter.ForkedBooter.runSuitesInProcess(ForkedBooter.java:377)
	at org.apache.maven.surefire.booter.ForkedBooter.execute(ForkedBooter.java:138)
	at org.apache.maven.surefire.booter.ForkedBooter.run(ForkedBooter.java:465)
	at org.apache.maven.surefire.booter.ForkedBooter.main(ForkedBooter.java:451)
</pre></div></td>
<td>0</td>
<td>com.empirix.cloudplatform.testcases.TC_SwitchLanguage@6f4a47c7</td></tr>
<tr>
<td title='com.empirix.cloudplatform.testcases.TC_SwitchLanguage.verifyAlerts()'><b>verifyAlerts</b><br>Test class: com.empirix.cloudplatform.testcases.TC_SwitchLanguage</td>
<td></td>
<td>0</td>
<td>com.empirix.cloudplatform.testcases.TC_SwitchLanguage@2aceadd4</td></tr>
<tr>
<td title='com.empirix.cloudplatform.testcases.TC_Login.verifyClientDetails()'><b>verifyClientDetails</b><br>Test class: com.empirix.cloudplatform.testcases.TC_Login</td>
<td><div><pre>org.testng.TestNGException: 
Parameter &apos;Browser&apos; is required by BeforeSuite on method initDriver but has not been marked @Optional or defined
in /Users/apple/eclipse-workspace/cloudplatform/testng.xml
... Removed 20 stack frames</pre></div><a href='#' onClick='toggleBox("stack-trace1044162861", this, "Click to show all stack frames", "Click to hide stack frames")'>Click to show all stack frames</a>
<div class='stack-trace' id='stack-trace1044162861'><pre>org.testng.TestNGException: 
Parameter &apos;Browser&apos; is required by BeforeSuite on method initDriver but has not been marked @Optional or defined
in /Users/apple/eclipse-workspace/cloudplatform/testng.xml
	at org.testng.internal.Parameters.createParams(Parameters.java:272)
	at org.testng.internal.Parameters.createParametersForMethod(Parameters.java:360)
	at org.testng.internal.Parameters.createParameters(Parameters.java:704)
	at org.testng.internal.Parameters.createConfigurationParameters(Parameters.java:166)
	at org.testng.internal.ConfigInvoker.invokeConfigurations(ConfigInvoker.java:283)
	at org.testng.SuiteRunner.privateRun(SuiteRunner.java:327)
	at org.testng.SuiteRunner.run(SuiteRunner.java:286)
	at org.testng.SuiteRunnerWorker.runSuite(SuiteRunnerWorker.java:53)
	at org.testng.SuiteRunnerWorker.run(SuiteRunnerWorker.java:96)
	at org.testng.TestNG.runSuitesSequentially(TestNG.java:1187)
	at org.testng.TestNG.runSuitesLocally(TestNG.java:1109)
	at org.testng.TestNG.runSuites(TestNG.java:1039)
	at org.testng.TestNG.run(TestNG.java:1007)
	at org.apache.maven.surefire.testng.TestNGExecutor.run(TestNGExecutor.java:283)
	at org.apache.maven.surefire.testng.TestNGXmlTestSuite.execute(TestNGXmlTestSuite.java:75)
	at org.apache.maven.surefire.testng.TestNGProvider.invoke(TestNGProvider.java:120)
	at org.apache.maven.surefire.booter.ForkedBooter.runSuitesInProcess(ForkedBooter.java:377)
	at org.apache.maven.surefire.booter.ForkedBooter.execute(ForkedBooter.java:138)
	at org.apache.maven.surefire.booter.ForkedBooter.run(ForkedBooter.java:465)
	at org.apache.maven.surefire.booter.ForkedBooter.main(ForkedBooter.java:451)
</pre></div></td>
<td>0</td>
<td>com.empirix.cloudplatform.testcases.TC_Login@69453e37</td></tr>
<tr>
<td title='com.empirix.cloudplatform.testcases.TC_Login.verifyClientDetails()'><b>verifyClientDetails</b><br>Test class: com.empirix.cloudplatform.testcases.TC_Login</td>
<td></td>
<td>0</td>
<td>com.empirix.cloudplatform.testcases.TC_Login@24269709</td></tr>
<tr>
<td title='com.empirix.cloudplatform.testcases.TC_SwitchLanguage.verifyDashboard()'><b>verifyDashboard</b><br>Test class: com.empirix.cloudplatform.testcases.TC_SwitchLanguage</td>
<td><div><pre>org.testng.TestNGException: 
Parameter &apos;Browser&apos; is required by BeforeSuite on method initDriver but has not been marked @Optional or defined
in /Users/apple/eclipse-workspace/cloudplatform/testng.xml
... Removed 20 stack frames</pre></div><a href='#' onClick='toggleBox("stack-trace1590113215", this, "Click to show all stack frames", "Click to hide stack frames")'>Click to show all stack frames</a>
<div class='stack-trace' id='stack-trace1590113215'><pre>org.testng.TestNGException: 
Parameter &apos;Browser&apos; is required by BeforeSuite on method initDriver but has not been marked @Optional or defined
in /Users/apple/eclipse-workspace/cloudplatform/testng.xml
	at org.testng.internal.Parameters.createParams(Parameters.java:272)
	at org.testng.internal.Parameters.createParametersForMethod(Parameters.java:360)
	at org.testng.internal.Parameters.createParameters(Parameters.java:704)
	at org.testng.internal.Parameters.createConfigurationParameters(Parameters.java:166)
	at org.testng.internal.ConfigInvoker.invokeConfigurations(ConfigInvoker.java:283)
	at org.testng.SuiteRunner.privateRun(SuiteRunner.java:327)
	at org.testng.SuiteRunner.run(SuiteRunner.java:286)
	at org.testng.SuiteRunnerWorker.runSuite(SuiteRunnerWorker.java:53)
	at org.testng.SuiteRunnerWorker.run(SuiteRunnerWorker.java:96)
	at org.testng.TestNG.runSuitesSequentially(TestNG.java:1187)
	at org.testng.TestNG.runSuitesLocally(TestNG.java:1109)
	at org.testng.TestNG.runSuites(TestNG.java:1039)
	at org.testng.TestNG.run(TestNG.java:1007)
	at org.apache.maven.surefire.testng.TestNGExecutor.run(TestNGExecutor.java:283)
	at org.apache.maven.surefire.testng.TestNGXmlTestSuite.execute(TestNGXmlTestSuite.java:75)
	at org.apache.maven.surefire.testng.TestNGProvider.invoke(TestNGProvider.java:120)
	at org.apache.maven.surefire.booter.ForkedBooter.runSuitesInProcess(ForkedBooter.java:377)
	at org.apache.maven.surefire.booter.ForkedBooter.execute(ForkedBooter.java:138)
	at org.apache.maven.surefire.booter.ForkedBooter.run(ForkedBooter.java:465)
	at org.apache.maven.surefire.booter.ForkedBooter.main(ForkedBooter.java:451)
</pre></div></td>
<td>0</td>
<td>com.empirix.cloudplatform.testcases.TC_SwitchLanguage@6f4a47c7</td></tr>
<tr>
<td title='com.empirix.cloudplatform.testcases.TC_SwitchLanguage.verifyDashboard()'><b>verifyDashboard</b><br>Test class: com.empirix.cloudplatform.testcases.TC_SwitchLanguage</td>
<td></td>
<td>0</td>
<td>com.empirix.cloudplatform.testcases.TC_SwitchLanguage@2aceadd4</td></tr>
<tr>
<td title='com.empirix.cloudplatform.testcases.TC_SwitchLanguage.verifyNotifications()'><b>verifyNotifications</b><br>Test class: com.empirix.cloudplatform.testcases.TC_SwitchLanguage</td>
<td><div><pre>org.testng.TestNGException: 
Parameter &apos;Browser&apos; is required by BeforeSuite on method initDriver but has not been marked @Optional or defined
in /Users/apple/eclipse-workspace/cloudplatform/testng.xml
... Removed 20 stack frames</pre></div><a href='#' onClick='toggleBox("stack-trace1030574180", this, "Click to show all stack frames", "Click to hide stack frames")'>Click to show all stack frames</a>
<div class='stack-trace' id='stack-trace1030574180'><pre>org.testng.TestNGException: 
Parameter &apos;Browser&apos; is required by BeforeSuite on method initDriver but has not been marked @Optional or defined
in /Users/apple/eclipse-workspace/cloudplatform/testng.xml
	at org.testng.internal.Parameters.createParams(Parameters.java:272)
	at org.testng.internal.Parameters.createParametersForMethod(Parameters.java:360)
	at org.testng.internal.Parameters.createParameters(Parameters.java:704)
	at org.testng.internal.Parameters.createConfigurationParameters(Parameters.java:166)
	at org.testng.internal.ConfigInvoker.invokeConfigurations(ConfigInvoker.java:283)
	at org.testng.SuiteRunner.privateRun(SuiteRunner.java:327)
	at org.testng.SuiteRunner.run(SuiteRunner.java:286)
	at org.testng.SuiteRunnerWorker.runSuite(SuiteRunnerWorker.java:53)
	at org.testng.SuiteRunnerWorker.run(SuiteRunnerWorker.java:96)
	at org.testng.TestNG.runSuitesSequentially(TestNG.java:1187)
	at org.testng.TestNG.runSuitesLocally(TestNG.java:1109)
	at org.testng.TestNG.runSuites(TestNG.java:1039)
	at org.testng.TestNG.run(TestNG.java:1007)
	at org.apache.maven.surefire.testng.TestNGExecutor.run(TestNGExecutor.java:283)
	at org.apache.maven.surefire.testng.TestNGXmlTestSuite.execute(TestNGXmlTestSuite.java:75)
	at org.apache.maven.surefire.testng.TestNGProvider.invoke(TestNGProvider.java:120)
	at org.apache.maven.surefire.booter.ForkedBooter.runSuitesInProcess(ForkedBooter.java:377)
	at org.apache.maven.surefire.booter.ForkedBooter.execute(ForkedBooter.java:138)
	at org.apache.maven.surefire.booter.ForkedBooter.run(ForkedBooter.java:465)
	at org.apache.maven.surefire.booter.ForkedBooter.main(ForkedBooter.java:451)
</pre></div></td>
<td>0</td>
<td>com.empirix.cloudplatform.testcases.TC_SwitchLanguage@6f4a47c7</td></tr>
<tr>
<td title='com.empirix.cloudplatform.testcases.TC_SwitchLanguage.verifyNotifications()'><b>verifyNotifications</b><br>Test class: com.empirix.cloudplatform.testcases.TC_SwitchLanguage</td>
<td></td>
<td>0</td>
<td>com.empirix.cloudplatform.testcases.TC_SwitchLanguage@2aceadd4</td></tr>
<tr>
<td title='com.empirix.cloudplatform.testcases.TC_SwitchLanguage.verifyTests()'><b>verifyTests</b><br>Test class: com.empirix.cloudplatform.testcases.TC_SwitchLanguage</td>
<td><div><pre>org.testng.TestNGException: 
Parameter &apos;Browser&apos; is required by BeforeSuite on method initDriver but has not been marked @Optional or defined
in /Users/apple/eclipse-workspace/cloudplatform/testng.xml
... Removed 20 stack frames</pre></div><a href='#' onClick='toggleBox("stack-trace1280294763", this, "Click to show all stack frames", "Click to hide stack frames")'>Click to show all stack frames</a>
<div class='stack-trace' id='stack-trace1280294763'><pre>org.testng.TestNGException: 
Parameter &apos;Browser&apos; is required by BeforeSuite on method initDriver but has not been marked @Optional or defined
in /Users/apple/eclipse-workspace/cloudplatform/testng.xml
	at org.testng.internal.Parameters.createParams(Parameters.java:272)
	at org.testng.internal.Parameters.createParametersForMethod(Parameters.java:360)
	at org.testng.internal.Parameters.createParameters(Parameters.java:704)
	at org.testng.internal.Parameters.createConfigurationParameters(Parameters.java:166)
	at org.testng.internal.ConfigInvoker.invokeConfigurations(ConfigInvoker.java:283)
	at org.testng.SuiteRunner.privateRun(SuiteRunner.java:327)
	at org.testng.SuiteRunner.run(SuiteRunner.java:286)
	at org.testng.SuiteRunnerWorker.runSuite(SuiteRunnerWorker.java:53)
	at org.testng.SuiteRunnerWorker.run(SuiteRunnerWorker.java:96)
	at org.testng.TestNG.runSuitesSequentially(TestNG.java:1187)
	at org.testng.TestNG.runSuitesLocally(TestNG.java:1109)
	at org.testng.TestNG.runSuites(TestNG.java:1039)
	at org.testng.TestNG.run(TestNG.java:1007)
	at org.apache.maven.surefire.testng.TestNGExecutor.run(TestNGExecutor.java:283)
	at org.apache.maven.surefire.testng.TestNGXmlTestSuite.execute(TestNGXmlTestSuite.java:75)
	at org.apache.maven.surefire.testng.TestNGProvider.invoke(TestNGProvider.java:120)
	at org.apache.maven.surefire.booter.ForkedBooter.runSuitesInProcess(ForkedBooter.java:377)
	at org.apache.maven.surefire.booter.ForkedBooter.execute(ForkedBooter.java:138)
	at org.apache.maven.surefire.booter.ForkedBooter.run(ForkedBooter.java:465)
	at org.apache.maven.surefire.booter.ForkedBooter.main(ForkedBooter.java:451)
</pre></div></td>
<td>0</td>
<td>com.empirix.cloudplatform.testcases.TC_SwitchLanguage@6f4a47c7</td></tr>
<tr>
<td title='com.empirix.cloudplatform.testcases.TC_SwitchLanguage.verifyTests()'><b>verifyTests</b><br>Test class: com.empirix.cloudplatform.testcases.TC_SwitchLanguage</td>
<td></td>
<td>0</td>
<td>com.empirix.cloudplatform.testcases.TC_SwitchLanguage@2aceadd4</td></tr>
<tr>
<td title='com.empirix.cloudplatform.testcases.TC_SwitchLanguage.verifyVariables()'><b>verifyVariables</b><br>Test class: com.empirix.cloudplatform.testcases.TC_SwitchLanguage</td>
<td><div><pre>org.testng.TestNGException: 
Parameter &apos;Browser&apos; is required by BeforeSuite on method initDriver but has not been marked @Optional or defined
in /Users/apple/eclipse-workspace/cloudplatform/testng.xml
... Removed 20 stack frames</pre></div><a href='#' onClick='toggleBox("stack-trace1515248218", this, "Click to show all stack frames", "Click to hide stack frames")'>Click to show all stack frames</a>
<div class='stack-trace' id='stack-trace1515248218'><pre>org.testng.TestNGException: 
Parameter &apos;Browser&apos; is required by BeforeSuite on method initDriver but has not been marked @Optional or defined
in /Users/apple/eclipse-workspace/cloudplatform/testng.xml
	at org.testng.internal.Parameters.createParams(Parameters.java:272)
	at org.testng.internal.Parameters.createParametersForMethod(Parameters.java:360)
	at org.testng.internal.Parameters.createParameters(Parameters.java:704)
	at org.testng.internal.Parameters.createConfigurationParameters(Parameters.java:166)
	at org.testng.internal.ConfigInvoker.invokeConfigurations(ConfigInvoker.java:283)
	at org.testng.SuiteRunner.privateRun(SuiteRunner.java:327)
	at org.testng.SuiteRunner.run(SuiteRunner.java:286)
	at org.testng.SuiteRunnerWorker.runSuite(SuiteRunnerWorker.java:53)
	at org.testng.SuiteRunnerWorker.run(SuiteRunnerWorker.java:96)
	at org.testng.TestNG.runSuitesSequentially(TestNG.java:1187)
	at org.testng.TestNG.runSuitesLocally(TestNG.java:1109)
	at org.testng.TestNG.runSuites(TestNG.java:1039)
	at org.testng.TestNG.run(TestNG.java:1007)
	at org.apache.maven.surefire.testng.TestNGExecutor.run(TestNGExecutor.java:283)
	at org.apache.maven.surefire.testng.TestNGXmlTestSuite.execute(TestNGXmlTestSuite.java:75)
	at org.apache.maven.surefire.testng.TestNGProvider.invoke(TestNGProvider.java:120)
	at org.apache.maven.surefire.booter.ForkedBooter.runSuitesInProcess(ForkedBooter.java:377)
	at org.apache.maven.surefire.booter.ForkedBooter.execute(ForkedBooter.java:138)
	at org.apache.maven.surefire.booter.ForkedBooter.run(ForkedBooter.java:465)
	at org.apache.maven.surefire.booter.ForkedBooter.main(ForkedBooter.java:451)
</pre></div></td>
<td>0</td>
<td>com.empirix.cloudplatform.testcases.TC_SwitchLanguage@6f4a47c7</td></tr>
<tr>
<td title='com.empirix.cloudplatform.testcases.TC_SwitchLanguage.verifyVariables()'><b>verifyVariables</b><br>Test class: com.empirix.cloudplatform.testcases.TC_SwitchLanguage</td>
<td></td>
<td>0</td>
<td>com.empirix.cloudplatform.testcases.TC_SwitchLanguage@2aceadd4</td></tr>
</table><p>
</body>
</html>