-------------------------------------------------------------------------------
Test set: TestSuite
-------------------------------------------------------------------------------
Tests run: 23, Failures: 1, Errors: 0, Skipped: 22, Time elapsed: 0.852 s <<< FAILURE! - in TestSuite
com.empirix.cloudplatform.testcases.TC_Login.initDriver  Time elapsed: 0.487 s  <<< FAILURE!
org.testng.TestNGException: 

Parameter 'Browser' is required by BeforeSuite on method initDriver but has not been marked @Optional or defined
in /Users/apple/eclipse-workspace/cloudplatform/testng.xml

