<?xml version="1.0" encoding="UTF-8"?>
<testng-results ignored="0" total="16" passed="0" failed="0" skipped="16">
  <reporter-output>
  </reporter-output>
  <suite started-at="2020-04-04T20:13:04 IST" name="EmpirixCloudPlatform" finished-at="2020-04-04T20:13:04 IST" duration-ms="46">
    <groups>
    </groups>
    <test started-at="2020-04-04T20:13:04 IST" name="Test - Cloud platform - on firefox" finished-at="2020-04-04T20:13:04 IST" duration-ms="45">
      <class name="com.empirix.cloudplatform.testcases.TC_Login">
        <test-method is-config="true" signature="initDriver(java.lang.String)[pri:0, instance:com.empirix.cloudplatform.testcases.TC_Login@69453e37]" started-at="2020-04-04T20:13:04 IST" name="initDriver" finished-at="1970-01-01T05:30:00 IST" duration-ms="-1586011384236" status="FAIL">
          <exception class="org.testng.TestNGException">
            <message>
              <![CDATA[
Parameter 'Browser' is required by BeforeSuite on method initDriver but has not been marked @Optional or defined
in /Users/apple/eclipse-workspace/cloudplatform/testng.xml]]>
            </message>
            <full-stacktrace>
              <![CDATA[org.testng.TestNGException: 
Parameter 'Browser' is required by BeforeSuite on method initDriver but has not been marked @Optional or defined
in /Users/apple/eclipse-workspace/cloudplatform/testng.xml
at org.testng.internal.Parameters.createParams(Parameters.java:272)
at org.testng.internal.Parameters.createParametersForMethod(Parameters.java:360)
at org.testng.internal.Parameters.createParameters(Parameters.java:704)
at org.testng.internal.Parameters.createConfigurationParameters(Parameters.java:166)
at org.testng.internal.ConfigInvoker.invokeConfigurations(ConfigInvoker.java:283)
at org.testng.SuiteRunner.privateRun(SuiteRunner.java:327)
at org.testng.SuiteRunner.run(SuiteRunner.java:286)
at org.testng.SuiteRunnerWorker.runSuite(SuiteRunnerWorker.java:53)
at org.testng.SuiteRunnerWorker.run(SuiteRunnerWorker.java:96)
at org.testng.TestNG.runSuitesSequentially(TestNG.java:1187)
at org.testng.TestNG.runSuitesLocally(TestNG.java:1109)
at org.testng.TestNG.runSuites(TestNG.java:1039)
at org.testng.TestNG.run(TestNG.java:1007)
at org.apache.maven.surefire.testng.TestNGExecutor.run(TestNGExecutor.java:283)
at org.apache.maven.surefire.testng.TestNGXmlTestSuite.execute(TestNGXmlTestSuite.java:75)
at org.apache.maven.surefire.testng.TestNGProvider.invoke(TestNGProvider.java:120)
at org.apache.maven.surefire.booter.ForkedBooter.runSuitesInProcess(ForkedBooter.java:377)
at org.apache.maven.surefire.booter.ForkedBooter.execute(ForkedBooter.java:138)
at org.apache.maven.surefire.booter.ForkedBooter.run(ForkedBooter.java:465)
at org.apache.maven.surefire.booter.ForkedBooter.main(ForkedBooter.java:451)
]]>
            </full-stacktrace>
          </exception> <!-- org.testng.TestNGException -->
          <reporter-output>
          </reporter-output>
        </test-method> <!-- initDriver -->
        <test-method is-config="true" signature="testCaseDetails(java.lang.String)[pri:0, instance:com.empirix.cloudplatform.testcases.TC_Login@69453e37]" started-at="2020-04-04T20:13:04 IST" name="testCaseDetails" finished-at="1970-01-01T05:30:00 IST" duration-ms="-1586011384273" status="SKIP">
          <reporter-output>
          </reporter-output>
        </test-method> <!-- testCaseDetails -->
        <test-method signature="loginToPortal()[pri:1, instance:com.empirix.cloudplatform.testcases.TC_Login@69453e37]" started-at="2020-04-04T20:13:04 IST" name="loginToPortal" finished-at="2020-04-04T20:13:04 IST" duration-ms="0" status="SKIP">
          <exception class="org.testng.TestNGException">
            <message>
              <![CDATA[
Parameter 'Browser' is required by BeforeSuite on method initDriver but has not been marked @Optional or defined
in /Users/apple/eclipse-workspace/cloudplatform/testng.xml]]>
            </message>
            <full-stacktrace>
              <![CDATA[org.testng.TestNGException: 
Parameter 'Browser' is required by BeforeSuite on method initDriver but has not been marked @Optional or defined
in /Users/apple/eclipse-workspace/cloudplatform/testng.xml
at org.testng.internal.Parameters.createParams(Parameters.java:272)
at org.testng.internal.Parameters.createParametersForMethod(Parameters.java:360)
at org.testng.internal.Parameters.createParameters(Parameters.java:704)
at org.testng.internal.Parameters.createConfigurationParameters(Parameters.java:166)
at org.testng.internal.ConfigInvoker.invokeConfigurations(ConfigInvoker.java:283)
at org.testng.SuiteRunner.privateRun(SuiteRunner.java:327)
at org.testng.SuiteRunner.run(SuiteRunner.java:286)
at org.testng.SuiteRunnerWorker.runSuite(SuiteRunnerWorker.java:53)
at org.testng.SuiteRunnerWorker.run(SuiteRunnerWorker.java:96)
at org.testng.TestNG.runSuitesSequentially(TestNG.java:1187)
at org.testng.TestNG.runSuitesLocally(TestNG.java:1109)
at org.testng.TestNG.runSuites(TestNG.java:1039)
at org.testng.TestNG.run(TestNG.java:1007)
at org.apache.maven.surefire.testng.TestNGExecutor.run(TestNGExecutor.java:283)
at org.apache.maven.surefire.testng.TestNGXmlTestSuite.execute(TestNGXmlTestSuite.java:75)
at org.apache.maven.surefire.testng.TestNGProvider.invoke(TestNGProvider.java:120)
at org.apache.maven.surefire.booter.ForkedBooter.runSuitesInProcess(ForkedBooter.java:377)
at org.apache.maven.surefire.booter.ForkedBooter.execute(ForkedBooter.java:138)
at org.apache.maven.surefire.booter.ForkedBooter.run(ForkedBooter.java:465)
at org.apache.maven.surefire.booter.ForkedBooter.main(ForkedBooter.java:451)
]]>
            </full-stacktrace>
          </exception> <!-- org.testng.TestNGException -->
          <reporter-output>
          </reporter-output>
        </test-method> <!-- loginToPortal -->
        <test-method signature="verifyClientDetails()[pri:2, instance:com.empirix.cloudplatform.testcases.TC_Login@69453e37]" started-at="2020-04-04T20:13:04 IST" name="verifyClientDetails" finished-at="2020-04-04T20:13:04 IST" duration-ms="0" status="SKIP">
          <exception class="org.testng.TestNGException">
            <message>
              <![CDATA[
Parameter 'Browser' is required by BeforeSuite on method initDriver but has not been marked @Optional or defined
in /Users/apple/eclipse-workspace/cloudplatform/testng.xml]]>
            </message>
            <full-stacktrace>
              <![CDATA[org.testng.TestNGException: 
Parameter 'Browser' is required by BeforeSuite on method initDriver but has not been marked @Optional or defined
in /Users/apple/eclipse-workspace/cloudplatform/testng.xml
at org.testng.internal.Parameters.createParams(Parameters.java:272)
at org.testng.internal.Parameters.createParametersForMethod(Parameters.java:360)
at org.testng.internal.Parameters.createParameters(Parameters.java:704)
at org.testng.internal.Parameters.createConfigurationParameters(Parameters.java:166)
at org.testng.internal.ConfigInvoker.invokeConfigurations(ConfigInvoker.java:283)
at org.testng.SuiteRunner.privateRun(SuiteRunner.java:327)
at org.testng.SuiteRunner.run(SuiteRunner.java:286)
at org.testng.SuiteRunnerWorker.runSuite(SuiteRunnerWorker.java:53)
at org.testng.SuiteRunnerWorker.run(SuiteRunnerWorker.java:96)
at org.testng.TestNG.runSuitesSequentially(TestNG.java:1187)
at org.testng.TestNG.runSuitesLocally(TestNG.java:1109)
at org.testng.TestNG.runSuites(TestNG.java:1039)
at org.testng.TestNG.run(TestNG.java:1007)
at org.apache.maven.surefire.testng.TestNGExecutor.run(TestNGExecutor.java:283)
at org.apache.maven.surefire.testng.TestNGXmlTestSuite.execute(TestNGXmlTestSuite.java:75)
at org.apache.maven.surefire.testng.TestNGProvider.invoke(TestNGProvider.java:120)
at org.apache.maven.surefire.booter.ForkedBooter.runSuitesInProcess(ForkedBooter.java:377)
at org.apache.maven.surefire.booter.ForkedBooter.execute(ForkedBooter.java:138)
at org.apache.maven.surefire.booter.ForkedBooter.run(ForkedBooter.java:465)
at org.apache.maven.surefire.booter.ForkedBooter.main(ForkedBooter.java:451)
]]>
            </full-stacktrace>
          </exception> <!-- org.testng.TestNGException -->
          <reporter-output>
          </reporter-output>
        </test-method> <!-- verifyClientDetails -->
        <test-method is-config="true" signature="endSuite()[pri:0, instance:com.empirix.cloudplatform.testcases.TC_Login@69453e37]" started-at="2020-04-04T20:13:04 IST" name="endSuite" finished-at="1970-01-01T05:30:00 IST" duration-ms="-1586011384303" status="SKIP">
          <reporter-output>
          </reporter-output>
        </test-method> <!-- endSuite -->
      </class> <!-- com.empirix.cloudplatform.testcases.TC_Login -->
      <class name="com.empirix.cloudplatform.testcases.TC_SwitchLanguage">
        <test-method is-config="true" signature="testCaseDetails()[pri:0, instance:com.empirix.cloudplatform.testcases.TC_SwitchLanguage@6f4a47c7]" started-at="2020-04-04T20:13:04 IST" name="testCaseDetails" finished-at="1970-01-01T05:30:00 IST" duration-ms="-1586011384296" status="SKIP">
          <reporter-output>
          </reporter-output>
        </test-method> <!-- testCaseDetails -->
        <test-method signature="switchToJapanease()[pri:1, instance:com.empirix.cloudplatform.testcases.TC_SwitchLanguage@6f4a47c7]" started-at="2020-04-04T20:13:04 IST" name="switchToJapanease" finished-at="2020-04-04T20:13:04 IST" duration-ms="0" status="SKIP">
          <exception class="org.testng.TestNGException">
            <message>
              <![CDATA[
Parameter 'Browser' is required by BeforeSuite on method initDriver but has not been marked @Optional or defined
in /Users/apple/eclipse-workspace/cloudplatform/testng.xml]]>
            </message>
            <full-stacktrace>
              <![CDATA[org.testng.TestNGException: 
Parameter 'Browser' is required by BeforeSuite on method initDriver but has not been marked @Optional or defined
in /Users/apple/eclipse-workspace/cloudplatform/testng.xml
at org.testng.internal.Parameters.createParams(Parameters.java:272)
at org.testng.internal.Parameters.createParametersForMethod(Parameters.java:360)
at org.testng.internal.Parameters.createParameters(Parameters.java:704)
at org.testng.internal.Parameters.createConfigurationParameters(Parameters.java:166)
at org.testng.internal.ConfigInvoker.invokeConfigurations(ConfigInvoker.java:283)
at org.testng.SuiteRunner.privateRun(SuiteRunner.java:327)
at org.testng.SuiteRunner.run(SuiteRunner.java:286)
at org.testng.SuiteRunnerWorker.runSuite(SuiteRunnerWorker.java:53)
at org.testng.SuiteRunnerWorker.run(SuiteRunnerWorker.java:96)
at org.testng.TestNG.runSuitesSequentially(TestNG.java:1187)
at org.testng.TestNG.runSuitesLocally(TestNG.java:1109)
at org.testng.TestNG.runSuites(TestNG.java:1039)
at org.testng.TestNG.run(TestNG.java:1007)
at org.apache.maven.surefire.testng.TestNGExecutor.run(TestNGExecutor.java:283)
at org.apache.maven.surefire.testng.TestNGXmlTestSuite.execute(TestNGXmlTestSuite.java:75)
at org.apache.maven.surefire.testng.TestNGProvider.invoke(TestNGProvider.java:120)
at org.apache.maven.surefire.booter.ForkedBooter.runSuitesInProcess(ForkedBooter.java:377)
at org.apache.maven.surefire.booter.ForkedBooter.execute(ForkedBooter.java:138)
at org.apache.maven.surefire.booter.ForkedBooter.run(ForkedBooter.java:465)
at org.apache.maven.surefire.booter.ForkedBooter.main(ForkedBooter.java:451)
]]>
            </full-stacktrace>
          </exception> <!-- org.testng.TestNGException -->
          <reporter-output>
          </reporter-output>
        </test-method> <!-- switchToJapanease -->
        <test-method signature="verifyDashboard()[pri:2, instance:com.empirix.cloudplatform.testcases.TC_SwitchLanguage@6f4a47c7]" started-at="2020-04-04T20:13:04 IST" name="verifyDashboard" finished-at="2020-04-04T20:13:04 IST" duration-ms="0" status="SKIP">
          <exception class="org.testng.TestNGException">
            <message>
              <![CDATA[
Parameter 'Browser' is required by BeforeSuite on method initDriver but has not been marked @Optional or defined
in /Users/apple/eclipse-workspace/cloudplatform/testng.xml]]>
            </message>
            <full-stacktrace>
              <![CDATA[org.testng.TestNGException: 
Parameter 'Browser' is required by BeforeSuite on method initDriver but has not been marked @Optional or defined
in /Users/apple/eclipse-workspace/cloudplatform/testng.xml
at org.testng.internal.Parameters.createParams(Parameters.java:272)
at org.testng.internal.Parameters.createParametersForMethod(Parameters.java:360)
at org.testng.internal.Parameters.createParameters(Parameters.java:704)
at org.testng.internal.Parameters.createConfigurationParameters(Parameters.java:166)
at org.testng.internal.ConfigInvoker.invokeConfigurations(ConfigInvoker.java:283)
at org.testng.SuiteRunner.privateRun(SuiteRunner.java:327)
at org.testng.SuiteRunner.run(SuiteRunner.java:286)
at org.testng.SuiteRunnerWorker.runSuite(SuiteRunnerWorker.java:53)
at org.testng.SuiteRunnerWorker.run(SuiteRunnerWorker.java:96)
at org.testng.TestNG.runSuitesSequentially(TestNG.java:1187)
at org.testng.TestNG.runSuitesLocally(TestNG.java:1109)
at org.testng.TestNG.runSuites(TestNG.java:1039)
at org.testng.TestNG.run(TestNG.java:1007)
at org.apache.maven.surefire.testng.TestNGExecutor.run(TestNGExecutor.java:283)
at org.apache.maven.surefire.testng.TestNGXmlTestSuite.execute(TestNGXmlTestSuite.java:75)
at org.apache.maven.surefire.testng.TestNGProvider.invoke(TestNGProvider.java:120)
at org.apache.maven.surefire.booter.ForkedBooter.runSuitesInProcess(ForkedBooter.java:377)
at org.apache.maven.surefire.booter.ForkedBooter.execute(ForkedBooter.java:138)
at org.apache.maven.surefire.booter.ForkedBooter.run(ForkedBooter.java:465)
at org.apache.maven.surefire.booter.ForkedBooter.main(ForkedBooter.java:451)
]]>
            </full-stacktrace>
          </exception> <!-- org.testng.TestNGException -->
          <reporter-output>
          </reporter-output>
        </test-method> <!-- verifyDashboard -->
        <test-method signature="verifyAlerts()[pri:3, instance:com.empirix.cloudplatform.testcases.TC_SwitchLanguage@6f4a47c7]" started-at="2020-04-04T20:13:04 IST" name="verifyAlerts" finished-at="2020-04-04T20:13:04 IST" duration-ms="0" status="SKIP">
          <exception class="org.testng.TestNGException">
            <message>
              <![CDATA[
Parameter 'Browser' is required by BeforeSuite on method initDriver but has not been marked @Optional or defined
in /Users/apple/eclipse-workspace/cloudplatform/testng.xml]]>
            </message>
            <full-stacktrace>
              <![CDATA[org.testng.TestNGException: 
Parameter 'Browser' is required by BeforeSuite on method initDriver but has not been marked @Optional or defined
in /Users/apple/eclipse-workspace/cloudplatform/testng.xml
at org.testng.internal.Parameters.createParams(Parameters.java:272)
at org.testng.internal.Parameters.createParametersForMethod(Parameters.java:360)
at org.testng.internal.Parameters.createParameters(Parameters.java:704)
at org.testng.internal.Parameters.createConfigurationParameters(Parameters.java:166)
at org.testng.internal.ConfigInvoker.invokeConfigurations(ConfigInvoker.java:283)
at org.testng.SuiteRunner.privateRun(SuiteRunner.java:327)
at org.testng.SuiteRunner.run(SuiteRunner.java:286)
at org.testng.SuiteRunnerWorker.runSuite(SuiteRunnerWorker.java:53)
at org.testng.SuiteRunnerWorker.run(SuiteRunnerWorker.java:96)
at org.testng.TestNG.runSuitesSequentially(TestNG.java:1187)
at org.testng.TestNG.runSuitesLocally(TestNG.java:1109)
at org.testng.TestNG.runSuites(TestNG.java:1039)
at org.testng.TestNG.run(TestNG.java:1007)
at org.apache.maven.surefire.testng.TestNGExecutor.run(TestNGExecutor.java:283)
at org.apache.maven.surefire.testng.TestNGXmlTestSuite.execute(TestNGXmlTestSuite.java:75)
at org.apache.maven.surefire.testng.TestNGProvider.invoke(TestNGProvider.java:120)
at org.apache.maven.surefire.booter.ForkedBooter.runSuitesInProcess(ForkedBooter.java:377)
at org.apache.maven.surefire.booter.ForkedBooter.execute(ForkedBooter.java:138)
at org.apache.maven.surefire.booter.ForkedBooter.run(ForkedBooter.java:465)
at org.apache.maven.surefire.booter.ForkedBooter.main(ForkedBooter.java:451)
]]>
            </full-stacktrace>
          </exception> <!-- org.testng.TestNGException -->
          <reporter-output>
          </reporter-output>
        </test-method> <!-- verifyAlerts -->
        <test-method signature="verifyTests()[pri:4, instance:com.empirix.cloudplatform.testcases.TC_SwitchLanguage@6f4a47c7]" started-at="2020-04-04T20:13:04 IST" name="verifyTests" finished-at="2020-04-04T20:13:04 IST" duration-ms="0" status="SKIP">
          <exception class="org.testng.TestNGException">
            <message>
              <![CDATA[
Parameter 'Browser' is required by BeforeSuite on method initDriver but has not been marked @Optional or defined
in /Users/apple/eclipse-workspace/cloudplatform/testng.xml]]>
            </message>
            <full-stacktrace>
              <![CDATA[org.testng.TestNGException: 
Parameter 'Browser' is required by BeforeSuite on method initDriver but has not been marked @Optional or defined
in /Users/apple/eclipse-workspace/cloudplatform/testng.xml
at org.testng.internal.Parameters.createParams(Parameters.java:272)
at org.testng.internal.Parameters.createParametersForMethod(Parameters.java:360)
at org.testng.internal.Parameters.createParameters(Parameters.java:704)
at org.testng.internal.Parameters.createConfigurationParameters(Parameters.java:166)
at org.testng.internal.ConfigInvoker.invokeConfigurations(ConfigInvoker.java:283)
at org.testng.SuiteRunner.privateRun(SuiteRunner.java:327)
at org.testng.SuiteRunner.run(SuiteRunner.java:286)
at org.testng.SuiteRunnerWorker.runSuite(SuiteRunnerWorker.java:53)
at org.testng.SuiteRunnerWorker.run(SuiteRunnerWorker.java:96)
at org.testng.TestNG.runSuitesSequentially(TestNG.java:1187)
at org.testng.TestNG.runSuitesLocally(TestNG.java:1109)
at org.testng.TestNG.runSuites(TestNG.java:1039)
at org.testng.TestNG.run(TestNG.java:1007)
at org.apache.maven.surefire.testng.TestNGExecutor.run(TestNGExecutor.java:283)
at org.apache.maven.surefire.testng.TestNGXmlTestSuite.execute(TestNGXmlTestSuite.java:75)
at org.apache.maven.surefire.testng.TestNGProvider.invoke(TestNGProvider.java:120)
at org.apache.maven.surefire.booter.ForkedBooter.runSuitesInProcess(ForkedBooter.java:377)
at org.apache.maven.surefire.booter.ForkedBooter.execute(ForkedBooter.java:138)
at org.apache.maven.surefire.booter.ForkedBooter.run(ForkedBooter.java:465)
at org.apache.maven.surefire.booter.ForkedBooter.main(ForkedBooter.java:451)
]]>
            </full-stacktrace>
          </exception> <!-- org.testng.TestNGException -->
          <reporter-output>
          </reporter-output>
        </test-method> <!-- verifyTests -->
        <test-method signature="verifyVariables()[pri:5, instance:com.empirix.cloudplatform.testcases.TC_SwitchLanguage@6f4a47c7]" started-at="2020-04-04T20:13:04 IST" name="verifyVariables" finished-at="2020-04-04T20:13:04 IST" duration-ms="0" status="SKIP">
          <exception class="org.testng.TestNGException">
            <message>
              <![CDATA[
Parameter 'Browser' is required by BeforeSuite on method initDriver but has not been marked @Optional or defined
in /Users/apple/eclipse-workspace/cloudplatform/testng.xml]]>
            </message>
            <full-stacktrace>
              <![CDATA[org.testng.TestNGException: 
Parameter 'Browser' is required by BeforeSuite on method initDriver but has not been marked @Optional or defined
in /Users/apple/eclipse-workspace/cloudplatform/testng.xml
at org.testng.internal.Parameters.createParams(Parameters.java:272)
at org.testng.internal.Parameters.createParametersForMethod(Parameters.java:360)
at org.testng.internal.Parameters.createParameters(Parameters.java:704)
at org.testng.internal.Parameters.createConfigurationParameters(Parameters.java:166)
at org.testng.internal.ConfigInvoker.invokeConfigurations(ConfigInvoker.java:283)
at org.testng.SuiteRunner.privateRun(SuiteRunner.java:327)
at org.testng.SuiteRunner.run(SuiteRunner.java:286)
at org.testng.SuiteRunnerWorker.runSuite(SuiteRunnerWorker.java:53)
at org.testng.SuiteRunnerWorker.run(SuiteRunnerWorker.java:96)
at org.testng.TestNG.runSuitesSequentially(TestNG.java:1187)
at org.testng.TestNG.runSuitesLocally(TestNG.java:1109)
at org.testng.TestNG.runSuites(TestNG.java:1039)
at org.testng.TestNG.run(TestNG.java:1007)
at org.apache.maven.surefire.testng.TestNGExecutor.run(TestNGExecutor.java:283)
at org.apache.maven.surefire.testng.TestNGXmlTestSuite.execute(TestNGXmlTestSuite.java:75)
at org.apache.maven.surefire.testng.TestNGProvider.invoke(TestNGProvider.java:120)
at org.apache.maven.surefire.booter.ForkedBooter.runSuitesInProcess(ForkedBooter.java:377)
at org.apache.maven.surefire.booter.ForkedBooter.execute(ForkedBooter.java:138)
at org.apache.maven.surefire.booter.ForkedBooter.run(ForkedBooter.java:465)
at org.apache.maven.surefire.booter.ForkedBooter.main(ForkedBooter.java:451)
]]>
            </full-stacktrace>
          </exception> <!-- org.testng.TestNGException -->
          <reporter-output>
          </reporter-output>
        </test-method> <!-- verifyVariables -->
        <test-method signature="verifyNotifications()[pri:6, instance:com.empirix.cloudplatform.testcases.TC_SwitchLanguage@6f4a47c7]" started-at="2020-04-04T20:13:04 IST" name="verifyNotifications" finished-at="2020-04-04T20:13:04 IST" duration-ms="0" status="SKIP">
          <exception class="org.testng.TestNGException">
            <message>
              <![CDATA[
Parameter 'Browser' is required by BeforeSuite on method initDriver but has not been marked @Optional or defined
in /Users/apple/eclipse-workspace/cloudplatform/testng.xml]]>
            </message>
            <full-stacktrace>
              <![CDATA[org.testng.TestNGException: 
Parameter 'Browser' is required by BeforeSuite on method initDriver but has not been marked @Optional or defined
in /Users/apple/eclipse-workspace/cloudplatform/testng.xml
at org.testng.internal.Parameters.createParams(Parameters.java:272)
at org.testng.internal.Parameters.createParametersForMethod(Parameters.java:360)
at org.testng.internal.Parameters.createParameters(Parameters.java:704)
at org.testng.internal.Parameters.createConfigurationParameters(Parameters.java:166)
at org.testng.internal.ConfigInvoker.invokeConfigurations(ConfigInvoker.java:283)
at org.testng.SuiteRunner.privateRun(SuiteRunner.java:327)
at org.testng.SuiteRunner.run(SuiteRunner.java:286)
at org.testng.SuiteRunnerWorker.runSuite(SuiteRunnerWorker.java:53)
at org.testng.SuiteRunnerWorker.run(SuiteRunnerWorker.java:96)
at org.testng.TestNG.runSuitesSequentially(TestNG.java:1187)
at org.testng.TestNG.runSuitesLocally(TestNG.java:1109)
at org.testng.TestNG.runSuites(TestNG.java:1039)
at org.testng.TestNG.run(TestNG.java:1007)
at org.apache.maven.surefire.testng.TestNGExecutor.run(TestNGExecutor.java:283)
at org.apache.maven.surefire.testng.TestNGXmlTestSuite.execute(TestNGXmlTestSuite.java:75)
at org.apache.maven.surefire.testng.TestNGProvider.invoke(TestNGProvider.java:120)
at org.apache.maven.surefire.booter.ForkedBooter.runSuitesInProcess(ForkedBooter.java:377)
at org.apache.maven.surefire.booter.ForkedBooter.execute(ForkedBooter.java:138)
at org.apache.maven.surefire.booter.ForkedBooter.run(ForkedBooter.java:465)
at org.apache.maven.surefire.booter.ForkedBooter.main(ForkedBooter.java:451)
]]>
            </full-stacktrace>
          </exception> <!-- org.testng.TestNGException -->
          <reporter-output>
          </reporter-output>
        </test-method> <!-- verifyNotifications -->
      </class> <!-- com.empirix.cloudplatform.testcases.TC_SwitchLanguage -->
    </test> <!-- Test - Cloud platform - on firefox -->
    <test started-at="2020-04-04T20:13:04 IST" name="Test - Cloud platform - on chrome" finished-at="2020-04-04T20:13:04 IST" duration-ms="46">
      <class name="com.empirix.cloudplatform.testcases.TC_Login">
        <test-method is-config="true" signature="testCaseDetails(java.lang.String)[pri:0, instance:com.empirix.cloudplatform.testcases.TC_Login@24269709]" started-at="2020-04-04T20:13:04 IST" name="testCaseDetails" finished-at="1970-01-01T05:30:00 IST" duration-ms="-1586011384273" status="SKIP">
          <reporter-output>
          </reporter-output>
        </test-method> <!-- testCaseDetails -->
        <test-method signature="loginToPortal()[pri:1, instance:com.empirix.cloudplatform.testcases.TC_Login@24269709]" started-at="2020-04-04T20:13:04 IST" name="loginToPortal" finished-at="2020-04-04T20:13:04 IST" duration-ms="0" status="SKIP">
          <reporter-output>
          </reporter-output>
        </test-method> <!-- loginToPortal -->
        <test-method signature="verifyClientDetails()[pri:2, instance:com.empirix.cloudplatform.testcases.TC_Login@24269709]" started-at="2020-04-04T20:13:04 IST" name="verifyClientDetails" finished-at="2020-04-04T20:13:04 IST" duration-ms="0" status="SKIP">
          <reporter-output>
          </reporter-output>
        </test-method> <!-- verifyClientDetails -->
        <test-method is-config="true" signature="endSuite()[pri:0, instance:com.empirix.cloudplatform.testcases.TC_Login@24269709]" started-at="2020-04-04T20:13:04 IST" name="endSuite" finished-at="1970-01-01T05:30:00 IST" duration-ms="-1586011384303" status="SKIP">
          <reporter-output>
          </reporter-output>
        </test-method> <!-- endSuite -->
      </class> <!-- com.empirix.cloudplatform.testcases.TC_Login -->
      <class name="com.empirix.cloudplatform.testcases.TC_SwitchLanguage">
        <test-method is-config="true" signature="testCaseDetails()[pri:0, instance:com.empirix.cloudplatform.testcases.TC_SwitchLanguage@2aceadd4]" started-at="2020-04-04T20:13:04 IST" name="testCaseDetails" finished-at="1970-01-01T05:30:00 IST" duration-ms="-1586011384296" status="SKIP">
          <reporter-output>
          </reporter-output>
        </test-method> <!-- testCaseDetails -->
        <test-method signature="switchToJapanease()[pri:1, instance:com.empirix.cloudplatform.testcases.TC_SwitchLanguage@2aceadd4]" started-at="2020-04-04T20:13:04 IST" name="switchToJapanease" finished-at="2020-04-04T20:13:04 IST" duration-ms="0" status="SKIP">
          <reporter-output>
          </reporter-output>
        </test-method> <!-- switchToJapanease -->
        <test-method signature="verifyDashboard()[pri:2, instance:com.empirix.cloudplatform.testcases.TC_SwitchLanguage@2aceadd4]" started-at="2020-04-04T20:13:04 IST" name="verifyDashboard" finished-at="2020-04-04T20:13:04 IST" duration-ms="0" status="SKIP">
          <reporter-output>
          </reporter-output>
        </test-method> <!-- verifyDashboard -->
        <test-method signature="verifyAlerts()[pri:3, instance:com.empirix.cloudplatform.testcases.TC_SwitchLanguage@2aceadd4]" started-at="2020-04-04T20:13:04 IST" name="verifyAlerts" finished-at="2020-04-04T20:13:04 IST" duration-ms="0" status="SKIP">
          <reporter-output>
          </reporter-output>
        </test-method> <!-- verifyAlerts -->
        <test-method signature="verifyVariables()[pri:5, instance:com.empirix.cloudplatform.testcases.TC_SwitchLanguage@2aceadd4]" started-at="2020-04-04T20:13:04 IST" name="verifyVariables" finished-at="2020-04-04T20:13:04 IST" duration-ms="0" status="SKIP">
          <reporter-output>
          </reporter-output>
        </test-method> <!-- verifyVariables -->
        <test-method signature="verifyTests()[pri:4, instance:com.empirix.cloudplatform.testcases.TC_SwitchLanguage@2aceadd4]" started-at="2020-04-04T20:13:04 IST" name="verifyTests" finished-at="2020-04-04T20:13:04 IST" duration-ms="0" status="SKIP">
          <reporter-output>
          </reporter-output>
        </test-method> <!-- verifyTests -->
        <test-method signature="verifyNotifications()[pri:6, instance:com.empirix.cloudplatform.testcases.TC_SwitchLanguage@2aceadd4]" started-at="2020-04-04T20:13:04 IST" name="verifyNotifications" finished-at="2020-04-04T20:13:04 IST" duration-ms="0" status="SKIP">
          <reporter-output>
          </reporter-output>
        </test-method> <!-- verifyNotifications -->
      </class> <!-- com.empirix.cloudplatform.testcases.TC_SwitchLanguage -->
    </test> <!-- Test - Cloud platform - on chrome -->
  </suite> <!-- EmpirixCloudPlatform -->
</testng-results>
