<?xml version="1.0" encoding="UTF-8"?>
<!-- Generated by org.testng.reporters.JUnitXMLReporter -->
<testsuite ignored="0" hostname="Apples-MacBook-Air.local" failures="1" tests="8" name="Test - Login" time="77.564" errors="0" timestamp="2020-04-04T14:36:00 IST">
  <testcase classname="com.empirix.cloudplatform.testcases.TC_Login" name="loginToPortal" time="41.699"/>
  <testcase classname="com.empirix.cloudplatform.testcases.TC_Login" name="verifyClientDetails" time="1.339">
    <failure type="org.openqa.selenium.ElementClickInterceptedException" message="element click intercepted: Element &amp;lt;a href=&amp;quot;/client&amp;quot;&amp;gt;...&amp;lt;/a&amp;gt; is not clickable at point (1081, 115). Other element would receive the click: &amp;lt;div ng-show=&amp;quot;inProcess&amp;quot; class=&amp;quot;progress&amp;quot;&amp;gt;...&amp;lt;/div&amp;gt;
  (Session info: chrome=80.0.3987.149)
Build info: version: &amp;apos;3.141.59&amp;apos;, revision: &amp;apos;e82be7d358&amp;apos;, time: &amp;apos;2018-11-14T08:17:03&amp;apos;
System info: host: &amp;apos;Apples-MacBook-Air.local&amp;apos;, ip: &amp;apos;192.168.43.231&amp;apos;, os.name: &amp;apos;Mac OS X&amp;apos;, os.arch: &amp;apos;x86_64&amp;apos;, os.version: &amp;apos;10.14.5&amp;apos;, java.version: &amp;apos;11.0.5&amp;apos;
Driver info: org.openqa.selenium.chrome.ChromeDriver
Capabilities {acceptInsecureCerts: false, browserName: chrome, browserVersion: 80.0.3987.149, chrome: {chromedriverVersion: 80.0.3987.106 (f68069574609..., userDataDir: /var/folders/74/dlv38v0s1ps...}, goog:chromeOptions: {debuggerAddress: localhost:64980}, javascriptEnabled: true, networkConnectionEnabled: false, pageLoadStrategy: normal, platform: MAC, platformName: MAC, proxy: Proxy(), setWindowRect: true, strictFileInteractability: false, timeouts: {implicit: 0, pageLoad: 300000, script: 30000}, unhandledPromptBehavior: dismiss and notify}
Session ID: f8df45e507135e82284e5d259e1075f7">
      <![CDATA[org.openqa.selenium.ElementClickInterceptedException: element click intercepted: Element <a href="/client">...</a> is not clickable at point (1081, 115). Other element would receive the click: <div ng-show="inProcess" class="progress">...</div>
  (Session info: chrome=80.0.3987.149)
Build info: version: '3.141.59', revision: 'e82be7d358', time: '2018-11-14T08:17:03'
System info: host: 'Apples-MacBook-Air.local', ip: '192.168.43.231', os.name: 'Mac OS X', os.arch: 'x86_64', os.version: '10.14.5', java.version: '11.0.5'
Driver info: org.openqa.selenium.chrome.ChromeDriver
Capabilities {acceptInsecureCerts: false, browserName: chrome, browserVersion: 80.0.3987.149, chrome: {chromedriverVersion: 80.0.3987.106 (f68069574609..., userDataDir: /var/folders/74/dlv38v0s1ps...}, goog:chromeOptions: {debuggerAddress: localhost:64980}, javascriptEnabled: true, networkConnectionEnabled: false, pageLoadStrategy: normal, platform: MAC, platformName: MAC, proxy: Proxy(), setWindowRect: true, strictFileInteractability: false, timeouts: {implicit: 0, pageLoad: 300000, script: 30000}, unhandledPromptBehavior: dismiss and notify}
Session ID: f8df45e507135e82284e5d259e1075f7
at org.openqa.selenium.remote.http.W3CHttpResponseCodec.createException(W3CHttpResponseCodec.java:187)
at org.openqa.selenium.remote.http.W3CHttpResponseCodec.decode(W3CHttpResponseCodec.java:122)
at org.openqa.selenium.remote.http.W3CHttpResponseCodec.decode(W3CHttpResponseCodec.java:49)
at org.openqa.selenium.remote.HttpCommandExecutor.execute(HttpCommandExecutor.java:158)
at org.openqa.selenium.remote.service.DriverCommandExecutor.execute(DriverCommandExecutor.java:83)
at org.openqa.selenium.remote.RemoteWebDriver.execute(RemoteWebDriver.java:552)
at org.openqa.selenium.remote.RemoteWebElement.execute(RemoteWebElement.java:285)
at org.openqa.selenium.remote.RemoteWebElement.click(RemoteWebElement.java:84)
at com.empirix.cloudplatform.utility.TestUtil.clickElement(TestUtil.java:36)
at com.empirix.cloudplatform.testcases.TC_Login.verifyClientDetails(TC_Login.java:55)
at java.base/java.util.ArrayList.forEach(ArrayList.java:1540)
... Removed 31 stack frames]]>
    </failure>
  </testcase> <!-- verifyClientDetails -->
  <testcase classname="com.empirix.cloudplatform.testcases.TC_SwitchEnglishLang" name="switchToJapanease" time="15.556"/>
  <testcase classname="com.empirix.cloudplatform.testcases.TC_SwitchEnglishLang" name="verifyDashboard" time="6.231"/>
  <testcase classname="com.empirix.cloudplatform.testcases.TC_SwitchEnglishLang" name="verifyAlerts" time="3.175"/>
  <testcase classname="com.empirix.cloudplatform.testcases.TC_SwitchEnglishLang" name="verifyTests" time="3.178"/>
  <testcase classname="com.empirix.cloudplatform.testcases.TC_SwitchEnglishLang" name="verifyVariables" time="3.127"/>
  <testcase classname="com.empirix.cloudplatform.testcases.TC_SwitchEnglishLang" name="verifyNotifications" time="3.194"/>
</testsuite> <!-- Test - Login -->
