<html>
<head>
<title>TestNG:  Test - Verify client details</title>
<link href="../testng.css" rel="stylesheet" type="text/css" />
<link href="../my-testng.css" rel="stylesheet" type="text/css" />

<style type="text/css">
.log { display: none;} 
.stack-trace { display: none;} 
</style>
<script type="text/javascript">
<!--
function flip(e) {
  current = e.style.display;
  if (current == 'block') {
    e.style.display = 'none';
    return 0;
  }
  else {
    e.style.display = 'block';
    return 1;
  }
}

function toggleBox(szDivId, elem, msg1, msg2)
{
  var res = -1;  if (document.getElementById) {
    res = flip(document.getElementById(szDivId));
  }
  else if (document.all) {
    // this is the way old msie versions work
    res = flip(document.all[szDivId]);
  }
  if(elem) {
    if(res == 0) elem.innerHTML = msg1; else elem.innerHTML = msg2;
  }

}

function toggleAllBoxes() {
  if (document.getElementsByTagName) {
    d = document.getElementsByTagName('div');
    for (i = 0; i < d.length; i++) {
      if (d[i].className == 'log') {
        flip(d[i]);
      }
    }
  }
}

// -->
</script>

</head>
<body>
<h2 align='center'>Test - Verify client details</h2><table border='1' align="center">
<tr>
<td>Tests passed/Failed/Skipped:</td><td>1/0/0</td>
</tr><tr>
<td>Started on:</td><td>Fri Apr 03 20:10:20 IST 2020</td>
</tr>
<tr><td>Total time:</td><td>30 seconds (30287 ms)</td>
</tr><tr>
<td>Included groups:</td><td></td>
</tr><tr>
<td>Excluded groups:</td><td></td>
</tr>
</table><p/>
<small><i>(Hover the method name to see the test class name)</i></small><p/>
<table width='100%' border='1' class='invocation-failed'>
<tr><td colspan='4' align='center'><b>FAILED TESTS</b></td></tr>
<tr><td><b>Test method</b></td>
<td width="30%"><b>Exception</b></td>
<td width="10%"><b>Time (seconds)</b></td>
<td><b>Instance</b></td>
</tr>
<tr>
<td title='com.empirix.cloudplatform.testcases.TC_SwitchEnglishLang.switchToEnglish()'><b>switchToEnglish</b><br>Test class: com.empirix.cloudplatform.testcases.TC_SwitchEnglishLang</td>
<td><div><pre>org.openqa.selenium.ElementNotInteractableException: element not interactable
  (Session info: chrome=80.0.3987.149)
Build info: version: &apos;3.141.59&apos;, revision: &apos;e82be7d358&apos;, time: &apos;2018-11-14T08:17:03&apos;
System info: host: &apos;Apples-Air&apos;, ip: &apos;2401:4900:170e:78e5:e458:9587:1e21:40db%en0&apos;, os.name: &apos;Mac OS X&apos;, os.arch: &apos;x86_64&apos;, os.version: &apos;10.14.5&apos;, java.version: &apos;11.0.5&apos;
Driver info: org.openqa.selenium.chrome.ChromeDriver
Capabilities {acceptInsecureCerts: false, browserName: chrome, browserVersion: 80.0.3987.149, chrome: {chromedriverVersion: 80.0.3987.106 (f68069574609..., userDataDir: /var/folders/74/dlv38v0s1ps...}, goog:chromeOptions: {debuggerAddress: localhost:55960}, javascriptEnabled: true, networkConnectionEnabled: false, pageLoadStrategy: normal, platform: MAC, platformName: MAC, proxy: Proxy(), setWindowRect: true, strictFileInteractability: false, timeouts: {implicit: 0, pageLoad: 300000, script: 30000}, unhandledPromptBehavior: dismiss and notify}
Session ID: 0272da6e6c0daba79d0e82d07bd9b138
	at org.openqa.selenium.remote.http.W3CHttpResponseCodec.createException(W3CHttpResponseCodec.java:187)
	at org.openqa.selenium.remote.http.W3CHttpResponseCodec.decode(W3CHttpResponseCodec.java:122)
	at org.openqa.selenium.remote.http.W3CHttpResponseCodec.decode(W3CHttpResponseCodec.java:49)
	at org.openqa.selenium.remote.HttpCommandExecutor.execute(HttpCommandExecutor.java:158)
	at org.openqa.selenium.remote.service.DriverCommandExecutor.execute(DriverCommandExecutor.java:83)
	at org.openqa.selenium.remote.RemoteWebDriver.execute(RemoteWebDriver.java:552)
	at org.openqa.selenium.remote.RemoteWebElement.execute(RemoteWebElement.java:285)
	at org.openqa.selenium.remote.RemoteWebElement.click(RemoteWebElement.java:84)
	at com.empirix.cloudplatform.utility.TestUtil.clickElement(TestUtil.java:28)
	at com.empirix.cloudplatform.utility.TestUtil.switchLanguage(TestUtil.java:72)
	at com.empirix.cloudplatform.testcases.TC_SwitchEnglishLang.switchToEnglish(TC_SwitchEnglishLang.java:19)
	at java.base/java.util.ArrayList.forEach(ArrayList.java:1540)
... Removed 31 stack frames</pre></div><a href='#' onClick='toggleBox("stack-trace4181455", this, "Click to show all stack frames", "Click to hide stack frames")'>Click to show all stack frames</a>
<div class='stack-trace' id='stack-trace4181455'><pre>org.openqa.selenium.ElementNotInteractableException: element not interactable
  (Session info: chrome=80.0.3987.149)
Build info: version: &apos;3.141.59&apos;, revision: &apos;e82be7d358&apos;, time: &apos;2018-11-14T08:17:03&apos;
System info: host: &apos;Apples-Air&apos;, ip: &apos;2401:4900:170e:78e5:e458:9587:1e21:40db%en0&apos;, os.name: &apos;Mac OS X&apos;, os.arch: &apos;x86_64&apos;, os.version: &apos;10.14.5&apos;, java.version: &apos;11.0.5&apos;
Driver info: org.openqa.selenium.chrome.ChromeDriver
Capabilities {acceptInsecureCerts: false, browserName: chrome, browserVersion: 80.0.3987.149, chrome: {chromedriverVersion: 80.0.3987.106 (f68069574609..., userDataDir: /var/folders/74/dlv38v0s1ps...}, goog:chromeOptions: {debuggerAddress: localhost:55960}, javascriptEnabled: true, networkConnectionEnabled: false, pageLoadStrategy: normal, platform: MAC, platformName: MAC, proxy: Proxy(), setWindowRect: true, strictFileInteractability: false, timeouts: {implicit: 0, pageLoad: 300000, script: 30000}, unhandledPromptBehavior: dismiss and notify}
Session ID: 0272da6e6c0daba79d0e82d07bd9b138
	at java.base/jdk.internal.reflect.NativeConstructorAccessorImpl.newInstance0(Native Method)
	at java.base/jdk.internal.reflect.NativeConstructorAccessorImpl.newInstance(NativeConstructorAccessorImpl.java:62)
	at java.base/jdk.internal.reflect.DelegatingConstructorAccessorImpl.newInstance(DelegatingConstructorAccessorImpl.java:45)
	at java.base/java.lang.reflect.Constructor.newInstance(Constructor.java:490)
	at org.openqa.selenium.remote.http.W3CHttpResponseCodec.createException(W3CHttpResponseCodec.java:187)
	at org.openqa.selenium.remote.http.W3CHttpResponseCodec.decode(W3CHttpResponseCodec.java:122)
	at org.openqa.selenium.remote.http.W3CHttpResponseCodec.decode(W3CHttpResponseCodec.java:49)
	at org.openqa.selenium.remote.HttpCommandExecutor.execute(HttpCommandExecutor.java:158)
	at org.openqa.selenium.remote.service.DriverCommandExecutor.execute(DriverCommandExecutor.java:83)
	at org.openqa.selenium.remote.RemoteWebDriver.execute(RemoteWebDriver.java:552)
	at org.openqa.selenium.remote.RemoteWebElement.execute(RemoteWebElement.java:285)
	at org.openqa.selenium.remote.RemoteWebElement.click(RemoteWebElement.java:84)
	at com.empirix.cloudplatform.utility.TestUtil.clickElement(TestUtil.java:28)
	at com.empirix.cloudplatform.utility.TestUtil.switchLanguage(TestUtil.java:72)
	at com.empirix.cloudplatform.testcases.TC_SwitchEnglishLang.switchToEnglish(TC_SwitchEnglishLang.java:19)
	at java.base/jdk.internal.reflect.NativeMethodAccessorImpl.invoke0(Native Method)
	at java.base/jdk.internal.reflect.NativeMethodAccessorImpl.invoke(NativeMethodAccessorImpl.java:62)
	at java.base/jdk.internal.reflect.DelegatingMethodAccessorImpl.invoke(DelegatingMethodAccessorImpl.java:43)
	at java.base/java.lang.reflect.Method.invoke(Method.java:566)
	at org.testng.internal.MethodInvocationHelper.invokeMethod(MethodInvocationHelper.java:134)
	at org.testng.internal.TestInvoker.invokeMethod(TestInvoker.java:597)
	at org.testng.internal.TestInvoker.invokeTestMethod(TestInvoker.java:173)
	at org.testng.internal.MethodRunner.runInSequence(MethodRunner.java:46)
	at org.testng.internal.TestInvoker$MethodInvocationAgent.invoke(TestInvoker.java:816)
	at org.testng.internal.TestInvoker.invokeTestMethods(TestInvoker.java:146)
	at org.testng.internal.TestMethodWorker.invokeTestMethods(TestMethodWorker.java:146)
	at org.testng.internal.TestMethodWorker.run(TestMethodWorker.java:128)
	at java.base/java.util.ArrayList.forEach(ArrayList.java:1540)
	at org.testng.TestRunner.privateRun(TestRunner.java:766)
	at org.testng.TestRunner.run(TestRunner.java:587)
	at org.testng.SuiteRunner.runTest(SuiteRunner.java:384)
	at org.testng.SuiteRunner.runSequentially(SuiteRunner.java:378)
	at org.testng.SuiteRunner.privateRun(SuiteRunner.java:337)
	at org.testng.SuiteRunner.run(SuiteRunner.java:286)
	at org.testng.SuiteRunnerWorker.runSuite(SuiteRunnerWorker.java:53)
	at org.testng.SuiteRunnerWorker.run(SuiteRunnerWorker.java:96)
	at org.testng.TestNG.runSuitesSequentially(TestNG.java:1187)
	at org.testng.TestNG.runSuitesLocally(TestNG.java:1109)
	at org.testng.TestNG.runSuites(TestNG.java:1039)
	at org.testng.TestNG.run(TestNG.java:1007)
	at org.testng.remote.AbstractRemoteTestNG.run(AbstractRemoteTestNG.java:115)
	at org.testng.remote.RemoteTestNG.initAndRun(RemoteTestNG.java:251)
	at org.testng.remote.RemoteTestNG.main(RemoteTestNG.java:77)
</pre></div></td>
<td>61</td>
<td>com.empirix.cloudplatform.testcases.TC_SwitchEnglishLang@2892dae4</td></tr>
</table><p>
<table width='100%' border='1' class='invocation-passed'>
<tr><td colspan='4' align='center'><b>PASSED TESTS</b></td></tr>
<tr><td><b>Test method</b></td>
<td width="30%"><b>Exception</b></td>
<td width="10%"><b>Time (seconds)</b></td>
<td><b>Instance</b></td>
</tr>
<tr>
<td title='com.empirix.cloudplatform.testcases.TC_Login.loginToPortal()'><b>loginToPortal</b><br>Test class: com.empirix.cloudplatform.testcases.TC_Login</td>
<td></td>
<td>41</td>
<td>com.empirix.cloudplatform.testcases.TC_Login@50caa560</td></tr>
<tr>
<td title='com.empirix.cloudplatform.testcases.TC_SwitchJapaneaseLang.switchToJapanease()'><b>switchToJapanease</b><br>Test class: com.empirix.cloudplatform.testcases.TC_SwitchJapaneaseLang</td>
<td></td>
<td>30</td>
<td>com.empirix.cloudplatform.testcases.TC_SwitchJapaneaseLang@37858383</td></tr>
<tr>
<td title='com.empirix.cloudplatform.testcases.TC_SwitchJapaneaseLang.verifyAlerts()'><b>verifyAlerts</b><br>Test class: com.empirix.cloudplatform.testcases.TC_SwitchJapaneaseLang</td>
<td></td>
<td>0</td>
<td>com.empirix.cloudplatform.testcases.TC_SwitchJapaneaseLang@37858383</td></tr>
<tr>
<td title='com.empirix.cloudplatform.testcases.TC_SwitchEnglishLang.verifyAlerts()'><b>verifyAlerts</b><br>Test class: com.empirix.cloudplatform.testcases.TC_SwitchEnglishLang</td>
<td></td>
<td>0</td>
<td>com.empirix.cloudplatform.testcases.TC_SwitchEnglishLang@2892dae4</td></tr>
<tr>
<td title='com.empirix.cloudplatform.testcases.TC_ClientDetails.verifyClientDetails()'><b>verifyClientDetails</b><br>Test class: com.empirix.cloudplatform.testcases.TC_ClientDetails</td>
<td></td>
<td>30</td>
<td>com.empirix.cloudplatform.testcases.TC_ClientDetails@6a6afff2</td></tr>
<tr>
<td title='com.empirix.cloudplatform.testcases.TC_SwitchJapaneaseLang.verifyDashboard()'><b>verifyDashboard</b><br>Test class: com.empirix.cloudplatform.testcases.TC_SwitchJapaneaseLang</td>
<td></td>
<td>0</td>
<td>com.empirix.cloudplatform.testcases.TC_SwitchJapaneaseLang@37858383</td></tr>
<tr>
<td title='com.empirix.cloudplatform.testcases.TC_SwitchEnglishLang.verifyDashboard()'><b>verifyDashboard</b><br>Test class: com.empirix.cloudplatform.testcases.TC_SwitchEnglishLang</td>
<td></td>
<td>0</td>
<td>com.empirix.cloudplatform.testcases.TC_SwitchEnglishLang@2892dae4</td></tr>
<tr>
<td title='com.empirix.cloudplatform.testcases.TC_SwitchJapaneaseLang.verifyNotifications()'><b>verifyNotifications</b><br>Test class: com.empirix.cloudplatform.testcases.TC_SwitchJapaneaseLang</td>
<td></td>
<td>0</td>
<td>com.empirix.cloudplatform.testcases.TC_SwitchJapaneaseLang@37858383</td></tr>
<tr>
<td title='com.empirix.cloudplatform.testcases.TC_SwitchEnglishLang.verifyNotifications()'><b>verifyNotifications</b><br>Test class: com.empirix.cloudplatform.testcases.TC_SwitchEnglishLang</td>
<td></td>
<td>0</td>
<td>com.empirix.cloudplatform.testcases.TC_SwitchEnglishLang@2892dae4</td></tr>
<tr>
<td title='com.empirix.cloudplatform.testcases.TC_SwitchJapaneaseLang.verifyTests()'><b>verifyTests</b><br>Test class: com.empirix.cloudplatform.testcases.TC_SwitchJapaneaseLang</td>
<td></td>
<td>0</td>
<td>com.empirix.cloudplatform.testcases.TC_SwitchJapaneaseLang@37858383</td></tr>
<tr>
<td title='com.empirix.cloudplatform.testcases.TC_SwitchEnglishLang.verifyTests()'><b>verifyTests</b><br>Test class: com.empirix.cloudplatform.testcases.TC_SwitchEnglishLang</td>
<td></td>
<td>0</td>
<td>com.empirix.cloudplatform.testcases.TC_SwitchEnglishLang@2892dae4</td></tr>
<tr>
<td title='com.empirix.cloudplatform.testcases.TC_SwitchJapaneaseLang.verifyVariables()'><b>verifyVariables</b><br>Test class: com.empirix.cloudplatform.testcases.TC_SwitchJapaneaseLang</td>
<td></td>
<td>0</td>
<td>com.empirix.cloudplatform.testcases.TC_SwitchJapaneaseLang@37858383</td></tr>
<tr>
<td title='com.empirix.cloudplatform.testcases.TC_SwitchEnglishLang.verifyVariables()'><b>verifyVariables</b><br>Test class: com.empirix.cloudplatform.testcases.TC_SwitchEnglishLang</td>
<td></td>
<td>0</td>
<td>com.empirix.cloudplatform.testcases.TC_SwitchEnglishLang@2892dae4</td></tr>
</table><p>
</body>
</html>