<?xml version="1.0" encoding="UTF-8"?>
<!-- Generated by org.testng.reporters.JUnitXMLReporter -->
<testsuite ignored="0" hostname="Apples-Air" failures="1" tests="14" name="Test" time="134.452" errors="0" timestamp="2020-04-03T19:30:56 IST">
  <testcase classname="com.empirix.cloudplatform.testcases.TC_Login" name="loginToPortal" time="43.102"/>
  <testcase classname="com.empirix.cloudplatform.testcases.TC_ClientDetails" name="verifyClientDetails" time="30.398"/>
  <testcase classname="com.empirix.cloudplatform.testcases.TC_SwitchJapaneaseLang" name="switchToJapanease" time="0.085"/>
  <testcase classname="com.empirix.cloudplatform.testcases.TC_SwitchEnglishLang" name="switchToJapanease" time="60.205">
    <failure type="org.openqa.selenium.ElementNotInteractableException" message="element not interactable
  (Session info: chrome=80.0.3987.149)
Build info: version: &amp;apos;3.141.59&amp;apos;, revision: &amp;apos;e82be7d358&amp;apos;, time: &amp;apos;2018-11-14T08:17:03&amp;apos;
System info: host: &amp;apos;Apples-Air&amp;apos;, ip: &amp;apos;2401:4900:170e:78e5:e458:9587:1e21:40db%en0&amp;apos;, os.name: &amp;apos;Mac OS X&amp;apos;, os.arch: &amp;apos;x86_64&amp;apos;, os.version: &amp;apos;10.14.5&amp;apos;, java.version: &amp;apos;11.0.5&amp;apos;
Driver info: org.openqa.selenium.chrome.ChromeDriver
Capabilities {acceptInsecureCerts: false, browserName: chrome, browserVersion: 80.0.3987.149, chrome: {chromedriverVersion: 80.0.3987.106 (f68069574609..., userDataDir: /var/folders/74/dlv38v0s1ps...}, goog:chromeOptions: {debuggerAddress: localhost:56439}, javascriptEnabled: true, networkConnectionEnabled: false, pageLoadStrategy: normal, platform: MAC, platformName: MAC, proxy: Proxy(), setWindowRect: true, strictFileInteractability: false, timeouts: {implicit: 0, pageLoad: 300000, script: 30000}, unhandledPromptBehavior: dismiss and notify}
Session ID: 5deb5f270c39c3d87eed8f371af0870a">
      <![CDATA[org.openqa.selenium.ElementNotInteractableException: element not interactable
  (Session info: chrome=80.0.3987.149)
Build info: version: '3.141.59', revision: 'e82be7d358', time: '2018-11-14T08:17:03'
System info: host: 'Apples-Air', ip: '2401:4900:170e:78e5:e458:9587:1e21:40db%en0', os.name: 'Mac OS X', os.arch: 'x86_64', os.version: '10.14.5', java.version: '11.0.5'
Driver info: org.openqa.selenium.chrome.ChromeDriver
Capabilities {acceptInsecureCerts: false, browserName: chrome, browserVersion: 80.0.3987.149, chrome: {chromedriverVersion: 80.0.3987.106 (f68069574609..., userDataDir: /var/folders/74/dlv38v0s1ps...}, goog:chromeOptions: {debuggerAddress: localhost:56439}, javascriptEnabled: true, networkConnectionEnabled: false, pageLoadStrategy: normal, platform: MAC, platformName: MAC, proxy: Proxy(), setWindowRect: true, strictFileInteractability: false, timeouts: {implicit: 0, pageLoad: 300000, script: 30000}, unhandledPromptBehavior: dismiss and notify}
Session ID: 5deb5f270c39c3d87eed8f371af0870a
at org.openqa.selenium.remote.http.W3CHttpResponseCodec.createException(W3CHttpResponseCodec.java:187)
at org.openqa.selenium.remote.http.W3CHttpResponseCodec.decode(W3CHttpResponseCodec.java:122)
at org.openqa.selenium.remote.http.W3CHttpResponseCodec.decode(W3CHttpResponseCodec.java:49)
at org.openqa.selenium.remote.HttpCommandExecutor.execute(HttpCommandExecutor.java:158)
at org.openqa.selenium.remote.service.DriverCommandExecutor.execute(DriverCommandExecutor.java:83)
at org.openqa.selenium.remote.RemoteWebDriver.execute(RemoteWebDriver.java:552)
at org.openqa.selenium.remote.RemoteWebElement.execute(RemoteWebElement.java:285)
at org.openqa.selenium.remote.RemoteWebElement.click(RemoteWebElement.java:84)
at com.empirix.cloudplatform.utility.TestUtil.clickElement(TestUtil.java:28)
at com.empirix.cloudplatform.utility.TestUtil.switchLanguage(TestUtil.java:72)
at com.empirix.cloudplatform.testcases.TC_SwitchEnglishLang.switchToJapanease(TC_SwitchEnglishLang.java:19)
at java.base/java.util.ArrayList.forEach(ArrayList.java:1540)
at java.base/java.util.concurrent.FutureTask.run(FutureTask.java:264)
at java.base/java.util.concurrent.ThreadPoolExecutor.runWorker(ThreadPoolExecutor.java:1128)
at java.base/java.util.concurrent.ThreadPoolExecutor$Worker.run(ThreadPoolExecutor.java:628)
at java.base/java.lang.Thread.run(Thread.java:834)
... Removed 22 stack frames]]>
    </failure>
  </testcase> <!-- switchToJapanease -->
  <testcase classname="com.empirix.cloudplatform.testcases.TC_SwitchJapaneaseLang" name="verifyDashboard" time="0.107"/>
  <testcase classname="com.empirix.cloudplatform.testcases.TC_SwitchEnglishLang" name="verifyDashboard" time="0.018"/>
  <testcase classname="com.empirix.cloudplatform.testcases.TC_SwitchJapaneaseLang" name="verifyAlerts" time="0.088"/>
  <testcase classname="com.empirix.cloudplatform.testcases.TC_SwitchEnglishLang" name="verifyAlerts" time="0.008"/>
  <testcase classname="com.empirix.cloudplatform.testcases.TC_SwitchJapaneaseLang" name="verifyTests" time="0.103"/>
  <testcase classname="com.empirix.cloudplatform.testcases.TC_SwitchEnglishLang" name="verifyTests" time="0.012"/>
  <testcase classname="com.empirix.cloudplatform.testcases.TC_SwitchJapaneaseLang" name="verifyVariables" time="0.084"/>
  <testcase classname="com.empirix.cloudplatform.testcases.TC_SwitchEnglishLang" name="verifyVariables" time="0.014"/>
  <testcase classname="com.empirix.cloudplatform.testcases.TC_SwitchJapaneaseLang" name="verifyNotifications" time="0.133"/>
  <testcase classname="com.empirix.cloudplatform.testcases.TC_SwitchEnglishLang" name="verifyNotifications" time="0.006"/>
</testsuite> <!-- Test -->
