<?xml version="1.0" encoding="UTF-8"?>
<!-- Generated by org.testng.reporters.JUnitXMLReporter -->
<testsuite ignored="0" hostname="Apples-Air" failures="1" tests="6" name="Test - Switch back to English language and verify tabs" time="62.661" errors="0" timestamp="2020-04-03T20:10:20 IST">
  <testcase classname="com.empirix.cloudplatform.testcases.TC_SwitchEnglishLang" name="switchToEnglish" time="61.99">
    <failure type="org.openqa.selenium.ElementNotInteractableException" message="element not interactable
  (Session info: chrome=80.0.3987.149)
Build info: version: &amp;apos;3.141.59&amp;apos;, revision: &amp;apos;e82be7d358&amp;apos;, time: &amp;apos;2018-11-14T08:17:03&amp;apos;
System info: host: &amp;apos;Apples-Air&amp;apos;, ip: &amp;apos;2401:4900:170e:78e5:e458:9587:1e21:40db%en0&amp;apos;, os.name: &amp;apos;Mac OS X&amp;apos;, os.arch: &amp;apos;x86_64&amp;apos;, os.version: &amp;apos;10.14.5&amp;apos;, java.version: &amp;apos;11.0.5&amp;apos;
Driver info: org.openqa.selenium.chrome.ChromeDriver
Capabilities {acceptInsecureCerts: false, browserName: chrome, browserVersion: 80.0.3987.149, chrome: {chromedriverVersion: 80.0.3987.106 (f68069574609..., userDataDir: /var/folders/74/dlv38v0s1ps...}, goog:chromeOptions: {debuggerAddress: localhost:55960}, javascriptEnabled: true, networkConnectionEnabled: false, pageLoadStrategy: normal, platform: MAC, platformName: MAC, proxy: Proxy(), setWindowRect: true, strictFileInteractability: false, timeouts: {implicit: 0, pageLoad: 300000, script: 30000}, unhandledPromptBehavior: dismiss and notify}
Session ID: 0272da6e6c0daba79d0e82d07bd9b138">
      <![CDATA[org.openqa.selenium.ElementNotInteractableException: element not interactable
  (Session info: chrome=80.0.3987.149)
Build info: version: '3.141.59', revision: 'e82be7d358', time: '2018-11-14T08:17:03'
System info: host: 'Apples-Air', ip: '2401:4900:170e:78e5:e458:9587:1e21:40db%en0', os.name: 'Mac OS X', os.arch: 'x86_64', os.version: '10.14.5', java.version: '11.0.5'
Driver info: org.openqa.selenium.chrome.ChromeDriver
Capabilities {acceptInsecureCerts: false, browserName: chrome, browserVersion: 80.0.3987.149, chrome: {chromedriverVersion: 80.0.3987.106 (f68069574609..., userDataDir: /var/folders/74/dlv38v0s1ps...}, goog:chromeOptions: {debuggerAddress: localhost:55960}, javascriptEnabled: true, networkConnectionEnabled: false, pageLoadStrategy: normal, platform: MAC, platformName: MAC, proxy: Proxy(), setWindowRect: true, strictFileInteractability: false, timeouts: {implicit: 0, pageLoad: 300000, script: 30000}, unhandledPromptBehavior: dismiss and notify}
Session ID: 0272da6e6c0daba79d0e82d07bd9b138
at org.openqa.selenium.remote.http.W3CHttpResponseCodec.createException(W3CHttpResponseCodec.java:187)
at org.openqa.selenium.remote.http.W3CHttpResponseCodec.decode(W3CHttpResponseCodec.java:122)
at org.openqa.selenium.remote.http.W3CHttpResponseCodec.decode(W3CHttpResponseCodec.java:49)
at org.openqa.selenium.remote.HttpCommandExecutor.execute(HttpCommandExecutor.java:158)
at org.openqa.selenium.remote.service.DriverCommandExecutor.execute(DriverCommandExecutor.java:83)
at org.openqa.selenium.remote.RemoteWebDriver.execute(RemoteWebDriver.java:552)
at org.openqa.selenium.remote.RemoteWebElement.execute(RemoteWebElement.java:285)
at org.openqa.selenium.remote.RemoteWebElement.click(RemoteWebElement.java:84)
at com.empirix.cloudplatform.utility.TestUtil.clickElement(TestUtil.java:28)
at com.empirix.cloudplatform.utility.TestUtil.switchLanguage(TestUtil.java:72)
at com.empirix.cloudplatform.testcases.TC_SwitchEnglishLang.switchToEnglish(TC_SwitchEnglishLang.java:19)
at java.base/java.util.ArrayList.forEach(ArrayList.java:1540)
... Removed 31 stack frames]]>
    </failure>
  </testcase> <!-- switchToEnglish -->
  <testcase classname="com.empirix.cloudplatform.testcases.TC_SwitchEnglishLang" name="verifyDashboard" time="0.154"/>
  <testcase classname="com.empirix.cloudplatform.testcases.TC_SwitchEnglishLang" name="verifyAlerts" time="0.13"/>
  <testcase classname="com.empirix.cloudplatform.testcases.TC_SwitchEnglishLang" name="verifyTests" time="0.103"/>
  <testcase classname="com.empirix.cloudplatform.testcases.TC_SwitchEnglishLang" name="verifyVariables" time="0.117"/>
  <testcase classname="com.empirix.cloudplatform.testcases.TC_SwitchEnglishLang" name="verifyNotifications" time="0.116"/>
</testsuite> <!-- Test - Switch back to English language and verify tabs -->
